12:54:21.295 INFO [GridLauncherV3.launch] - Selenium build info: version: '3.13.0', revision: '2f0d292'
12:54:21.297 INFO [GridLauncherV3$1.launch] - Launching a standalone Selenium Server on port 4444
2018-08-21 12:54:22.266:INFO::main: Logging initialized @2431ms to org.seleniumhq.jetty9.util.log.StdErrLog
12:54:23.252 INFO [SeleniumServer.boot] - Selenium Server is up and running on port 4444
12:54:26.559 INFO [ActiveSessionFactory.apply] - Capabilities are: {
  "acceptSslCerts": true,
  "browserName": "chrome",
  "chromeOptions": {
    "args": [
      "incognito",
      "--disable-infobars",
      "start-fullscreen"
    ]
  },
  "javascriptEnabled": true
}
12:54:26.576 INFO [ActiveSessionFactory.lambda$apply$11] - Matched factory org.openqa.selenium.remote.server.ServicedSession$Factory (provider: org.openqa.selenium.chrome.ChromeDriverService)
Starting ChromeDriver 2.40.565386 (45a059dc425e08165f9a10324bd1380cc13ca363) on port 24943
Only local connections are allowed.
12:54:44.211 INFO [ProtocolHandshake.createSession] - Detected dialect: OSS
12:54:46.590 INFO [RemoteSession$Factory.lambda$performHandshake$0] - Started new session c7f6f8fbfb5998c149ab066809b6c5fa (org.openqa.selenium.chrome.ChromeDriverService)
